Arguments: 
  /home/webdevelop/.nvm/versions/node/v15.8.0/bin/node /home/webdevelop/.nvm/versions/node/v15.8.0/bin/yarn add bootstrap

PATH: 
  /home/webdevelop/.nvm/versions/node/v15.8.0/bin:/home/webdevelop/bin:/usr/local/bin:/home/webdevelop/.nvm:/home/webdevelop/.zinit/polaris/bin:/home/webdevelop/bin:/usr/local/bin:/usr/local/sbin:/usr/local/bin:/usr/sbin:/usr/bin:/sbin:/bin:/usr/games:/usr/local/games:/mnt/d/app/software_installed/cmder/vendor/conemu-maximus5/ConEmu/Scripts:/mnt/d/app/software_installed/cmder/vendor/conemu-maximus5:/mnt/d/app/software_installed/cmder/vendor/conemu-maximus5/ConEmu:/mnt/c/Program Files (x86)/Common Files/Oracle/Java/javapath:/mnt/c/Windows/system32:/mnt/c/Windows:/mnt/c/Windows/System32/Wbem:/mnt/c/Windows/System32/WindowsPowerShell/v1.0/:/mnt/c/Windows/System32/OpenSSH/:/mnt/d/app/software_installed/Microsoft/Microsoft VS Code/bin:/mnt/d/app/software_installed/laragon/bin/php/php-7.4.10-nts:/mnt/c/Program Files/nodejs/:/mnt/d/app/software_installed/composer:/mnt/c/ProgramData/chocolatey/bin:/mnt/c/Program Files/NVIDIA Corporation/NVIDIA NvDLISR:/mnt/c/Program Files (x86)/NVIDIA Corporation/PhysX/Common:/mnt/d/app/software_installed/Microsoft SQL Server/Shared_feature/150/Tools/Binn/:/mnt/d/app/software_installed/Microsoft SQL Server/150/Tools/Binn/:/mnt/d/app/software_installed/Microsoft SQL Server/Shared_feature/150/DTS/Binn/:/mnt/d/app/software_installed/Microsoft SQL Server/150/DTS/Binn/:/mnt/d/app/software_installed/Microsoft SQL Server/Client SDK/ODBC/170/Tools/Binn/:/mnt/c/Program Files/Azure Data Studio/bin:/mnt/d/app/software_installed/Microsoft SQL Server/130/Tools/Binn/:/mnt/d/app/software_installed/Git/cmd:/mnt/d/app/software_installed/Redis/:/mnt/c/Program Files/dotnet:/mnt/c/Program Files/dotnet/:/mnt/c/Program Files (x86)/Intel/Intel(R) Management Engine Components/DAL:/mnt/c/Program Files/Intel/Intel(R) Management Engine Components/DAL:/mnt/c/Program Files (x86)/dotnet/:/mnt/c/Users/thiag/AppData/Local/Microsoft/WindowsApps:/mnt/c/Users/thiag/AppData/Roaming/npm:/mnt/c/Users/thiag/AppData/Roaming/Composer/vendor/bin:/mnt/d/app/software_installed/JetBrains/PhpStorm 2020.3.1/bin:/mnt/d/app/software_installed/JetBrains/DataGrip 2020.1/bin:/mnt/d/app/software_installed/JetBrains/JetBrains Rider 2020.3.1/bin:/mnt/c/Program Files/Azure Data Studio/bin:/mnt/c/Users/thiag/.dotnet/tools:/mnt/d/app/software_installed/JetBrains/WebStorm 2020.3.1/bin:/snap/bin

Yarn version: 
  1.22.10

Node version: 
  15.8.0

Platform: 
  linux x64

Trace: 
  Error: EPERM: operation not permitted, copyfile '/home/webdevelop/.cache/yarn/v6/npm-jquery-3.5.1-d7b4d08e1bfdb86ad2f1a3d039ea17304717abb5-integrity/node_modules/jquery/LICENSE.txt' -> '/mnt/d/app/projects/php/estudosphp_students/crud_bootstrap/node_modules/jquery/LICENSE.txt'

npm manifest: 
  {
    "name": "crud_bootstrap",
    "version": "1.0.0",
    "description": "",
    "main": "index.js",
    "scripts": {
      "test": "echo \"Error: no test specified\" && exit 1"
    },
    "author": "Thiago <you@example.com>",
    "license": "ISC",
    "dependencies": {
      "bootstrap": "^5.0.0-alpha1",
      "jquery": "^3.5.1",
      "materialize-css": "^1.0.0"
    },
    "repository": "git@github_thiago:tsdeveloper/crud_bootstrap.git"
  }

yarn manifest: 
  No manifest

Lockfile: 
  # THIS IS AN AUTOGENERATED FILE. DO NOT EDIT THIS FILE DIRECTLY.
  # yarn lockfile v1
  
  
  bootstrap@^5.0.0-alpha1:
    version "5.0.0-beta2"
    resolved "https://registry.yarnpkg.com/bootstrap/-/bootstrap-5.0.0-beta2.tgz#ab1504a12807fa58e5e41408e35fcea42461e84b"
    integrity sha512-e+uPbPHqTQWKyCX435uVlOmgH9tUt0xtjvyOC7knhKgOS643BrQKuTo+KecGpPV7qlmOyZgCfaM4xxPWtDEN/g==
  
  jquery@^3.5.1:
    version "3.5.1"
    resolved "https://registry.yarnpkg.com/jquery/-/jquery-3.5.1.tgz#d7b4d08e1bfdb86ad2f1a3d039ea17304717abb5"
    integrity sha512-XwIBPqcMn57FxfT+Go5pzySnm4KWkT1Tv7gjrpT1srtf8Weynl6R273VJ5GjkRb51IzMp5nbaPjJXMWeju2MKg==
  
  materialize-css@^1.0.0:
    version "1.0.0"
    resolved "https://registry.yarnpkg.com/materialize-css/-/materialize-css-1.0.0.tgz#8d5db1c4a81c6d65f3b2e2ca83a8e08daa24d1be"
    integrity sha512-4/oecXl8y/1i8RDZvyvwAICyqwNoKU4or5uf8uoAd74k76KzZ0Llym4zhJ5lLNUskcqjO0AuMcvNyDkpz8Z6zw==
